2023-02-22 14:41:17,303:WARNING:
'cuml' is a soft dependency and not included in the pycaret installation. Please run: `pip install cuml` to install.
2023-02-22 14:41:17,303:WARNING:
'cuml' is a soft dependency and not included in the pycaret installation. Please run: `pip install cuml` to install.
2023-02-22 14:41:17,303:WARNING:
'cuml' is a soft dependency and not included in the pycaret installation. Please run: `pip install cuml` to install.
2023-02-22 14:41:17,303:WARNING:
'cuml' is a soft dependency and not included in the pycaret installation. Please run: `pip install cuml` to install.
2023-02-22 14:41:17,380:WARNING:
'prophet' is a soft dependency and not included in the pycaret installation. Please run: `pip install prophet` to install.
2023-02-22 14:41:24,129:INFO:PyCaret TSForecastingExperiment
2023-02-22 14:41:24,129:INFO:Logging name: ts-default-name
2023-02-22 14:41:24,129:INFO:ML Usecase: MLUsecase.TIME_SERIES
2023-02-22 14:41:24,129:INFO:version 3.0.0.rc4
2023-02-22 14:41:24,129:INFO:Initializing setup()
2023-02-22 14:41:24,129:INFO:self.USI: 2e97
2023-02-22 14:41:24,129:INFO:self.variable_keys: {'_ml_usecase', 'variable_keys', 'log_plots_param', 'X_test', 'USI', 'idx', 'fh', '_all_metrics', 'all_sp_values', '_gpu_n_jobs_param', 'seed', '_all_models_internal', 'fold_param', 'gpu_param', 'master_model_container', 'X_train_transformed', 'exogenous_present', 'strictly_positive', 'enforce_pi', 'model_engines', 'pipeline', 'logging_param', 'enforce_exogenous', 'fold_generator', 'n_jobs_param', 'exp_id', 'y_train_transformed', 'index_type', 'primary_sp_to_use', 'data', 'seasonal_period', 'approach_type', 'y_transformed', 'seasonality_present', 'y_train', 'X_transformed', 'y_test', 'display_container', '_all_models', 'memory', '_available_plots', 'X_test_transformed', 'exp_name_log', 'X_train', 'y_test_transformed', 'y', 'X', 'html_param'}
2023-02-22 14:41:24,130:INFO:Checking environment
2023-02-22 14:41:24,130:INFO:python_version: 3.8.15
2023-02-22 14:41:24,130:INFO:python_build: ('default', 'Nov 24 2022 14:38:14')
2023-02-22 14:41:24,130:INFO:machine: AMD64
2023-02-22 14:41:24,130:INFO:platform: Windows-10-10.0.19044-SP0
2023-02-22 14:41:24,133:INFO:Memory: svmem(total=34250002432, available=22890606592, percent=33.2, used=11359395840, free=22890606592)
2023-02-22 14:41:24,133:INFO:Physical Core: 4
2023-02-22 14:41:24,133:INFO:Logical Core: 8
2023-02-22 14:41:24,133:INFO:Checking libraries
2023-02-22 14:41:24,133:INFO:System:
2023-02-22 14:41:24,133:INFO:    python: 3.8.15 (default, Nov 24 2022, 14:38:14) [MSC v.1916 64 bit (AMD64)]
2023-02-22 14:41:24,133:INFO:executable: c:\Users\Pedram\anaconda3\envs\pycaret\python.exe
2023-02-22 14:41:24,133:INFO:   machine: Windows-10-10.0.19044-SP0
2023-02-22 14:41:24,134:INFO:PyCaret required dependencies:
2023-02-22 14:41:24,134:INFO:                 pip: 22.2.2
2023-02-22 14:41:24,134:INFO:          setuptools: 60.10.0
2023-02-22 14:41:24,134:INFO:             pycaret: 3.0.0rc4
2023-02-22 14:41:24,134:INFO:             IPython: 8.0.1
2023-02-22 14:41:24,134:INFO:          ipywidgets: 8.0.2
2023-02-22 14:41:24,134:INFO:                tqdm: 4.64.1
2023-02-22 14:41:24,134:INFO:               numpy: 1.22.4
2023-02-22 14:41:24,134:INFO:              pandas: 1.4.4
2023-02-22 14:41:24,134:INFO:              jinja2: 3.1.2
2023-02-22 14:41:24,134:INFO:               scipy: 1.9.3
2023-02-22 14:41:24,135:INFO:              joblib: 1.2.0
2023-02-22 14:41:24,135:INFO:             sklearn: 1.2.1
2023-02-22 14:41:24,135:INFO:                pyod: 1.0.6
2023-02-22 14:41:24,135:INFO:            imblearn: 0.9.1
2023-02-22 14:41:24,135:INFO:   category_encoders: 2.5.1.post0
2023-02-22 14:41:24,135:INFO:            lightgbm: 3.3.3
2023-02-22 14:41:24,135:INFO:               numba: 0.55.2
2023-02-22 14:41:24,135:INFO:            requests: 2.28.1
2023-02-22 14:41:24,135:INFO:          matplotlib: 3.6.2
2023-02-22 14:41:24,136:INFO:          scikitplot: 0.3.7
2023-02-22 14:41:24,136:INFO:         yellowbrick: 1.5
2023-02-22 14:41:24,136:INFO:              plotly: 5.11.0
2023-02-22 14:41:24,136:INFO:             kaleido: 0.2.1
2023-02-22 14:41:24,136:INFO:         statsmodels: 0.13.5
2023-02-22 14:41:24,136:INFO:              sktime: 0.13.4
2023-02-22 14:41:24,136:INFO:               tbats: 1.1.1
2023-02-22 14:41:24,136:INFO:            pmdarima: 1.8.5
2023-02-22 14:41:24,136:INFO:              psutil: 5.9.4
2023-02-22 14:41:24,136:INFO:PyCaret optional dependencies:
2023-02-22 14:41:26,038:INFO:                shap: 0.41.0
2023-02-22 14:41:26,038:INFO:           interpret: 0.3.0
2023-02-22 14:41:26,038:INFO:                umap: 0.5.3
2023-02-22 14:41:26,038:INFO:    pandas_profiling: 3.5.0
2023-02-22 14:41:26,038:INFO:  explainerdashboard: 0.4.0
2023-02-22 14:41:26,038:INFO:             autoviz: 0.1.58
2023-02-22 14:41:26,038:INFO:           fairlearn: 0.8.0
2023-02-22 14:41:26,038:INFO:             xgboost: 1.7.1
2023-02-22 14:41:26,038:INFO:            catboost: 1.1.1
2023-02-22 14:41:26,038:INFO:              kmodes: 0.12.2
2023-02-22 14:41:26,038:INFO:             mlxtend: 0.21.0
2023-02-22 14:41:26,039:INFO:       statsforecast: 1.4.0
2023-02-22 14:41:26,039:INFO:        tune_sklearn: 0.4.5
2023-02-22 14:41:26,039:INFO:                 ray: 2.1.0
2023-02-22 14:41:26,039:INFO:            hyperopt: 0.2.7
2023-02-22 14:41:26,039:INFO:              optuna: 3.0.4
2023-02-22 14:41:26,039:INFO:               skopt: 0.9.0
2023-02-22 14:41:26,039:INFO:              mlflow: 2.0.1
2023-02-22 14:41:26,039:INFO:              gradio: 3.12.0
2023-02-22 14:41:26,039:INFO:             fastapi: 0.88.0
2023-02-22 14:41:26,039:INFO:             uvicorn: 0.20.0
2023-02-22 14:41:26,040:INFO:              m2cgen: 0.10.0
2023-02-22 14:41:26,040:INFO:           evidently: 0.2.0
2023-02-22 14:41:26,040:INFO:                nltk: 3.7
2023-02-22 14:41:26,040:INFO:            pyLDAvis: Not installed
2023-02-22 14:41:26,040:INFO:              gensim: Not installed
2023-02-22 14:41:26,040:INFO:               spacy: Not installed
2023-02-22 14:41:26,040:INFO:           wordcloud: 1.8.2.2
2023-02-22 14:41:26,040:INFO:            textblob: 0.17.1
2023-02-22 14:41:26,040:INFO:               fugue: 0.6.6
2023-02-22 14:41:26,040:INFO:           streamlit: Not installed
2023-02-22 14:41:26,040:INFO:             prophet: Not installed
2023-02-22 14:41:26,040:INFO:None
2023-02-22 14:41:26,047:INFO:Set Forecast Horizon.
2023-02-22 14:41:26,047:INFO:Set up Train-Test Splits.
2023-02-22 14:41:26,289:INFO:Finished creating preprocessing pipeline.
2023-02-22 14:41:26,304:INFO:Pipeline: ForecastingPipeline(steps=[('forecaster',
                            TransformedTargetForecaster(steps=[('model',
                                                                DummyForecaster())]))])
2023-02-22 14:41:26,304:INFO:Set up Seasonal Period.
2023-02-22 14:41:26,304:INFO:Set up whether Multiplicative components allowed.
2023-02-22 14:41:26,355:INFO:Creating final display dataframe.
2023-02-22 14:41:26,365:INFO:Setup Display Container:                     Description                    Value
0                    session_id                     5386
1                        Target                     AAPL
2                      Approach               Univariate
3           Exogenous Variables                  Present
4           Original data shape                (1304, 4)
5        Transformed data shape                (1304, 4)
6   Transformed train set shape                (1292, 4)
7    Transformed test set shape                  (12, 4)
8      Rows with missing values                     0.0%
9                Fold Generator  ExpandingWindowSplitter
10                  Fold Number                        3
11  Enforce Prediction Interval                    False
12    Seasonal Period(s) Tested                        5
13          Seasonality Present                     True
14       Seasonalities Detected                      [5]
15          Primary Seasonality                        5
16     Target Strictly Positive                     True
17           Target White Noise                       No
18                Recommended d                        1
19       Recommended Seasonal D                        0
20                   Preprocess                    False
21                     CPU Jobs                       -1
22                      Use GPU                    False
23               Log Experiment                    False
24              Experiment Name          ts-default-name
25                          USI                     2e97
2023-02-22 14:41:26,374:INFO:Engine successfully changes for model 'auto_arima' to 'pmdarima'.
2023-02-22 14:41:26,580:WARNING:
'prophet' is a soft dependency and not included in the pycaret installation. Please run: `pip install prophet` to install.
2023-02-22 14:41:26,580:INFO:Engine for model 'lr_cds_dt' has not been set explicitly, hence returning None.
2023-02-22 14:41:26,580:INFO:Engine for model 'en_cds_dt' has not been set explicitly, hence returning None.
2023-02-22 14:41:26,580:INFO:Engine for model 'ridge_cds_dt' has not been set explicitly, hence returning None.
2023-02-22 14:41:26,580:INFO:Engine for model 'lasso_cds_dt' has not been set explicitly, hence returning None.
2023-02-22 14:41:26,581:INFO:Engine for model 'lar_cds_dt' has not been set explicitly, hence returning None.
2023-02-22 14:41:26,581:INFO:Engine for model 'llar_cds_dt' has not been set explicitly, hence returning None.
2023-02-22 14:41:26,581:INFO:Engine for model 'br_cds_dt' has not been set explicitly, hence returning None.
2023-02-22 14:41:26,581:INFO:Engine for model 'huber_cds_dt' has not been set explicitly, hence returning None.
2023-02-22 14:41:26,581:INFO:Engine for model 'par_cds_dt' has not been set explicitly, hence returning None.
2023-02-22 14:41:26,584:INFO:Engine for model 'omp_cds_dt' has not been set explicitly, hence returning None.
2023-02-22 14:41:26,587:INFO:Engine for model 'knn_cds_dt' has not been set explicitly, hence returning None.
2023-02-22 14:41:26,588:INFO:Engine for model 'dt_cds_dt' has not been set explicitly, hence returning None.
2023-02-22 14:41:26,588:INFO:Engine for model 'rf_cds_dt' has not been set explicitly, hence returning None.
2023-02-22 14:41:26,588:INFO:Engine for model 'et_cds_dt' has not been set explicitly, hence returning None.
2023-02-22 14:41:26,588:INFO:Engine for model 'gbr_cds_dt' has not been set explicitly, hence returning None.
2023-02-22 14:41:26,589:INFO:Engine for model 'ada_cds_dt' has not been set explicitly, hence returning None.
2023-02-22 14:41:26,589:INFO:Engine for model 'xgboost_cds_dt' has not been set explicitly, hence returning None.
2023-02-22 14:41:26,589:INFO:Soft dependency imported: xgboost: 1.7.1
2023-02-22 14:41:26,662:INFO:Soft dependency imported: xgboost: 1.7.1
2023-02-22 14:41:26,663:INFO:Engine for model 'lightgbm_cds_dt' has not been set explicitly, hence returning None.
2023-02-22 14:41:27,172:INFO:Engine for model 'catboost_cds_dt' has not been set explicitly, hence returning None.
2023-02-22 14:41:27,172:INFO:Soft dependency imported: catboost: 1.1.1
2023-02-22 14:41:27,374:INFO:Soft dependency imported: catboost: 1.1.1
2023-02-22 14:41:27,384:WARNING:
'prophet' is a soft dependency and not included in the pycaret installation. Please run: `pip install prophet` to install.
2023-02-22 14:41:27,385:INFO:Engine for model 'lr_cds_dt' has not been set explicitly, hence returning None.
2023-02-22 14:41:27,385:INFO:Engine for model 'en_cds_dt' has not been set explicitly, hence returning None.
2023-02-22 14:41:27,385:INFO:Engine for model 'ridge_cds_dt' has not been set explicitly, hence returning None.
2023-02-22 14:41:27,385:INFO:Engine for model 'lasso_cds_dt' has not been set explicitly, hence returning None.
2023-02-22 14:41:27,386:INFO:Engine for model 'lar_cds_dt' has not been set explicitly, hence returning None.
2023-02-22 14:41:27,386:INFO:Engine for model 'llar_cds_dt' has not been set explicitly, hence returning None.
2023-02-22 14:41:27,386:INFO:Engine for model 'br_cds_dt' has not been set explicitly, hence returning None.
2023-02-22 14:41:27,386:INFO:Engine for model 'huber_cds_dt' has not been set explicitly, hence returning None.
2023-02-22 14:41:27,386:INFO:Engine for model 'par_cds_dt' has not been set explicitly, hence returning None.
2023-02-22 14:41:27,389:INFO:Engine for model 'omp_cds_dt' has not been set explicitly, hence returning None.
2023-02-22 14:41:27,393:INFO:Engine for model 'knn_cds_dt' has not been set explicitly, hence returning None.
2023-02-22 14:41:27,393:INFO:Engine for model 'dt_cds_dt' has not been set explicitly, hence returning None.
2023-02-22 14:41:27,393:INFO:Engine for model 'rf_cds_dt' has not been set explicitly, hence returning None.
2023-02-22 14:41:27,393:INFO:Engine for model 'et_cds_dt' has not been set explicitly, hence returning None.
2023-02-22 14:41:27,394:INFO:Engine for model 'gbr_cds_dt' has not been set explicitly, hence returning None.
2023-02-22 14:41:27,394:INFO:Engine for model 'ada_cds_dt' has not been set explicitly, hence returning None.
2023-02-22 14:41:27,394:INFO:Engine for model 'xgboost_cds_dt' has not been set explicitly, hence returning None.
2023-02-22 14:41:27,394:INFO:Soft dependency imported: xgboost: 1.7.1
2023-02-22 14:41:27,394:INFO:Soft dependency imported: xgboost: 1.7.1
2023-02-22 14:41:27,395:INFO:Engine for model 'lightgbm_cds_dt' has not been set explicitly, hence returning None.
2023-02-22 14:41:27,395:INFO:Engine for model 'catboost_cds_dt' has not been set explicitly, hence returning None.
2023-02-22 14:41:27,395:INFO:Soft dependency imported: catboost: 1.1.1
2023-02-22 14:41:27,395:INFO:Soft dependency imported: catboost: 1.1.1
2023-02-22 14:41:27,395:INFO:Engine successfully changes for model 'lr_cds_dt' to 'sklearn'.
2023-02-22 14:41:27,398:WARNING:
'prophet' is a soft dependency and not included in the pycaret installation. Please run: `pip install prophet` to install.
2023-02-22 14:41:27,398:INFO:Engine for model 'en_cds_dt' has not been set explicitly, hence returning None.
2023-02-22 14:41:27,398:INFO:Engine for model 'ridge_cds_dt' has not been set explicitly, hence returning None.
2023-02-22 14:41:27,398:INFO:Engine for model 'lasso_cds_dt' has not been set explicitly, hence returning None.
2023-02-22 14:41:27,399:INFO:Engine for model 'lar_cds_dt' has not been set explicitly, hence returning None.
2023-02-22 14:41:27,399:INFO:Engine for model 'llar_cds_dt' has not been set explicitly, hence returning None.
2023-02-22 14:41:27,400:INFO:Engine for model 'br_cds_dt' has not been set explicitly, hence returning None.
2023-02-22 14:41:27,400:INFO:Engine for model 'huber_cds_dt' has not been set explicitly, hence returning None.
2023-02-22 14:41:27,400:INFO:Engine for model 'par_cds_dt' has not been set explicitly, hence returning None.
2023-02-22 14:41:27,403:INFO:Engine for model 'omp_cds_dt' has not been set explicitly, hence returning None.
2023-02-22 14:41:27,405:INFO:Engine for model 'knn_cds_dt' has not been set explicitly, hence returning None.
2023-02-22 14:41:27,405:INFO:Engine for model 'dt_cds_dt' has not been set explicitly, hence returning None.
2023-02-22 14:41:27,405:INFO:Engine for model 'rf_cds_dt' has not been set explicitly, hence returning None.
2023-02-22 14:41:27,406:INFO:Engine for model 'et_cds_dt' has not been set explicitly, hence returning None.
2023-02-22 14:41:27,406:INFO:Engine for model 'gbr_cds_dt' has not been set explicitly, hence returning None.
2023-02-22 14:41:27,406:INFO:Engine for model 'ada_cds_dt' has not been set explicitly, hence returning None.
2023-02-22 14:41:27,407:INFO:Engine for model 'xgboost_cds_dt' has not been set explicitly, hence returning None.
2023-02-22 14:41:27,407:INFO:Soft dependency imported: xgboost: 1.7.1
2023-02-22 14:41:27,407:INFO:Soft dependency imported: xgboost: 1.7.1
2023-02-22 14:41:27,407:INFO:Engine for model 'lightgbm_cds_dt' has not been set explicitly, hence returning None.
2023-02-22 14:41:27,407:INFO:Engine for model 'catboost_cds_dt' has not been set explicitly, hence returning None.
2023-02-22 14:41:27,407:INFO:Soft dependency imported: catboost: 1.1.1
2023-02-22 14:41:27,408:INFO:Soft dependency imported: catboost: 1.1.1
2023-02-22 14:41:27,411:WARNING:
'prophet' is a soft dependency and not included in the pycaret installation. Please run: `pip install prophet` to install.
2023-02-22 14:41:27,411:INFO:Engine for model 'en_cds_dt' has not been set explicitly, hence returning None.
2023-02-22 14:41:27,411:INFO:Engine for model 'ridge_cds_dt' has not been set explicitly, hence returning None.
2023-02-22 14:41:27,412:INFO:Engine for model 'lasso_cds_dt' has not been set explicitly, hence returning None.
2023-02-22 14:41:27,412:INFO:Engine for model 'lar_cds_dt' has not been set explicitly, hence returning None.
2023-02-22 14:41:27,412:INFO:Engine for model 'llar_cds_dt' has not been set explicitly, hence returning None.
2023-02-22 14:41:27,412:INFO:Engine for model 'br_cds_dt' has not been set explicitly, hence returning None.
2023-02-22 14:41:27,412:INFO:Engine for model 'huber_cds_dt' has not been set explicitly, hence returning None.
2023-02-22 14:41:27,413:INFO:Engine for model 'par_cds_dt' has not been set explicitly, hence returning None.
2023-02-22 14:41:27,418:INFO:Engine for model 'omp_cds_dt' has not been set explicitly, hence returning None.
2023-02-22 14:41:27,422:INFO:Engine for model 'knn_cds_dt' has not been set explicitly, hence returning None.
2023-02-22 14:41:27,422:INFO:Engine for model 'dt_cds_dt' has not been set explicitly, hence returning None.
2023-02-22 14:41:27,422:INFO:Engine for model 'rf_cds_dt' has not been set explicitly, hence returning None.
2023-02-22 14:41:27,422:INFO:Engine for model 'et_cds_dt' has not been set explicitly, hence returning None.
2023-02-22 14:41:27,422:INFO:Engine for model 'gbr_cds_dt' has not been set explicitly, hence returning None.
2023-02-22 14:41:27,422:INFO:Engine for model 'ada_cds_dt' has not been set explicitly, hence returning None.
2023-02-22 14:41:27,422:INFO:Engine for model 'xgboost_cds_dt' has not been set explicitly, hence returning None.
2023-02-22 14:41:27,422:INFO:Soft dependency imported: xgboost: 1.7.1
2023-02-22 14:41:27,422:INFO:Soft dependency imported: xgboost: 1.7.1
2023-02-22 14:41:27,422:INFO:Engine for model 'lightgbm_cds_dt' has not been set explicitly, hence returning None.
2023-02-22 14:41:27,422:INFO:Engine for model 'catboost_cds_dt' has not been set explicitly, hence returning None.
2023-02-22 14:41:27,422:INFO:Soft dependency imported: catboost: 1.1.1
2023-02-22 14:41:27,422:INFO:Soft dependency imported: catboost: 1.1.1
2023-02-22 14:41:27,422:INFO:Engine successfully changes for model 'en_cds_dt' to 'sklearn'.
2023-02-22 14:41:27,422:WARNING:
'prophet' is a soft dependency and not included in the pycaret installation. Please run: `pip install prophet` to install.
2023-02-22 14:41:27,422:INFO:Engine for model 'ridge_cds_dt' has not been set explicitly, hence returning None.
2023-02-22 14:41:27,422:INFO:Engine for model 'lasso_cds_dt' has not been set explicitly, hence returning None.
2023-02-22 14:41:27,422:INFO:Engine for model 'lar_cds_dt' has not been set explicitly, hence returning None.
2023-02-22 14:41:27,422:INFO:Engine for model 'llar_cds_dt' has not been set explicitly, hence returning None.
2023-02-22 14:41:27,422:INFO:Engine for model 'br_cds_dt' has not been set explicitly, hence returning None.
2023-02-22 14:41:27,422:INFO:Engine for model 'huber_cds_dt' has not been set explicitly, hence returning None.
2023-02-22 14:41:27,422:INFO:Engine for model 'par_cds_dt' has not been set explicitly, hence returning None.
2023-02-22 14:41:27,422:INFO:Engine for model 'omp_cds_dt' has not been set explicitly, hence returning None.
2023-02-22 14:41:27,438:INFO:Engine for model 'knn_cds_dt' has not been set explicitly, hence returning None.
2023-02-22 14:41:27,438:INFO:Engine for model 'dt_cds_dt' has not been set explicitly, hence returning None.
2023-02-22 14:41:27,438:INFO:Engine for model 'rf_cds_dt' has not been set explicitly, hence returning None.
2023-02-22 14:41:27,438:INFO:Engine for model 'et_cds_dt' has not been set explicitly, hence returning None.
2023-02-22 14:41:27,439:INFO:Engine for model 'gbr_cds_dt' has not been set explicitly, hence returning None.
2023-02-22 14:41:27,439:INFO:Engine for model 'ada_cds_dt' has not been set explicitly, hence returning None.
2023-02-22 14:41:27,439:INFO:Engine for model 'xgboost_cds_dt' has not been set explicitly, hence returning None.
2023-02-22 14:41:27,439:INFO:Soft dependency imported: xgboost: 1.7.1
2023-02-22 14:41:27,439:INFO:Soft dependency imported: xgboost: 1.7.1
2023-02-22 14:41:27,440:INFO:Engine for model 'lightgbm_cds_dt' has not been set explicitly, hence returning None.
2023-02-22 14:41:27,440:INFO:Engine for model 'catboost_cds_dt' has not been set explicitly, hence returning None.
2023-02-22 14:41:27,440:INFO:Soft dependency imported: catboost: 1.1.1
2023-02-22 14:41:27,440:INFO:Soft dependency imported: catboost: 1.1.1
2023-02-22 14:41:27,443:WARNING:
'prophet' is a soft dependency and not included in the pycaret installation. Please run: `pip install prophet` to install.
2023-02-22 14:41:27,444:INFO:Engine for model 'ridge_cds_dt' has not been set explicitly, hence returning None.
2023-02-22 14:41:27,444:INFO:Engine for model 'lasso_cds_dt' has not been set explicitly, hence returning None.
2023-02-22 14:41:27,444:INFO:Engine for model 'lar_cds_dt' has not been set explicitly, hence returning None.
2023-02-22 14:41:27,444:INFO:Engine for model 'llar_cds_dt' has not been set explicitly, hence returning None.
2023-02-22 14:41:27,444:INFO:Engine for model 'br_cds_dt' has not been set explicitly, hence returning None.
2023-02-22 14:41:27,445:INFO:Engine for model 'huber_cds_dt' has not been set explicitly, hence returning None.
2023-02-22 14:41:27,445:INFO:Engine for model 'par_cds_dt' has not been set explicitly, hence returning None.
2023-02-22 14:41:27,450:INFO:Engine for model 'omp_cds_dt' has not been set explicitly, hence returning None.
2023-02-22 14:41:27,453:INFO:Engine for model 'knn_cds_dt' has not been set explicitly, hence returning None.
2023-02-22 14:41:27,453:INFO:Engine for model 'dt_cds_dt' has not been set explicitly, hence returning None.
2023-02-22 14:41:27,454:INFO:Engine for model 'rf_cds_dt' has not been set explicitly, hence returning None.
2023-02-22 14:41:27,454:INFO:Engine for model 'et_cds_dt' has not been set explicitly, hence returning None.
2023-02-22 14:41:27,454:INFO:Engine for model 'gbr_cds_dt' has not been set explicitly, hence returning None.
2023-02-22 14:41:27,454:INFO:Engine for model 'ada_cds_dt' has not been set explicitly, hence returning None.
2023-02-22 14:41:27,454:INFO:Engine for model 'xgboost_cds_dt' has not been set explicitly, hence returning None.
2023-02-22 14:41:27,455:INFO:Soft dependency imported: xgboost: 1.7.1
2023-02-22 14:41:27,455:INFO:Soft dependency imported: xgboost: 1.7.1
2023-02-22 14:41:27,455:INFO:Engine for model 'lightgbm_cds_dt' has not been set explicitly, hence returning None.
2023-02-22 14:41:27,455:INFO:Engine for model 'catboost_cds_dt' has not been set explicitly, hence returning None.
2023-02-22 14:41:27,456:INFO:Soft dependency imported: catboost: 1.1.1
2023-02-22 14:41:27,456:INFO:Soft dependency imported: catboost: 1.1.1
2023-02-22 14:41:27,456:INFO:Engine successfully changes for model 'ridge_cds_dt' to 'sklearn'.
2023-02-22 14:41:27,459:WARNING:
'prophet' is a soft dependency and not included in the pycaret installation. Please run: `pip install prophet` to install.
2023-02-22 14:41:27,459:INFO:Engine for model 'lasso_cds_dt' has not been set explicitly, hence returning None.
2023-02-22 14:41:27,459:INFO:Engine for model 'lar_cds_dt' has not been set explicitly, hence returning None.
2023-02-22 14:41:27,459:INFO:Engine for model 'llar_cds_dt' has not been set explicitly, hence returning None.
2023-02-22 14:41:27,460:INFO:Engine for model 'br_cds_dt' has not been set explicitly, hence returning None.
2023-02-22 14:41:27,460:INFO:Engine for model 'huber_cds_dt' has not been set explicitly, hence returning None.
2023-02-22 14:41:27,460:INFO:Engine for model 'par_cds_dt' has not been set explicitly, hence returning None.
2023-02-22 14:41:27,463:INFO:Engine for model 'omp_cds_dt' has not been set explicitly, hence returning None.
2023-02-22 14:41:27,466:INFO:Engine for model 'knn_cds_dt' has not been set explicitly, hence returning None.
2023-02-22 14:41:27,466:INFO:Engine for model 'dt_cds_dt' has not been set explicitly, hence returning None.
2023-02-22 14:41:27,466:INFO:Engine for model 'rf_cds_dt' has not been set explicitly, hence returning None.
2023-02-22 14:41:27,466:INFO:Engine for model 'et_cds_dt' has not been set explicitly, hence returning None.
2023-02-22 14:41:27,466:INFO:Engine for model 'gbr_cds_dt' has not been set explicitly, hence returning None.
2023-02-22 14:41:27,467:INFO:Engine for model 'ada_cds_dt' has not been set explicitly, hence returning None.
2023-02-22 14:41:27,467:INFO:Engine for model 'xgboost_cds_dt' has not been set explicitly, hence returning None.
2023-02-22 14:41:27,467:INFO:Soft dependency imported: xgboost: 1.7.1
2023-02-22 14:41:27,467:INFO:Soft dependency imported: xgboost: 1.7.1
2023-02-22 14:41:27,467:INFO:Engine for model 'lightgbm_cds_dt' has not been set explicitly, hence returning None.
2023-02-22 14:41:27,468:INFO:Engine for model 'catboost_cds_dt' has not been set explicitly, hence returning None.
2023-02-22 14:41:27,468:INFO:Soft dependency imported: catboost: 1.1.1
2023-02-22 14:41:27,468:INFO:Soft dependency imported: catboost: 1.1.1
2023-02-22 14:41:27,471:WARNING:
'prophet' is a soft dependency and not included in the pycaret installation. Please run: `pip install prophet` to install.
2023-02-22 14:41:27,472:INFO:Engine for model 'lasso_cds_dt' has not been set explicitly, hence returning None.
2023-02-22 14:41:27,472:INFO:Engine for model 'lar_cds_dt' has not been set explicitly, hence returning None.
2023-02-22 14:41:27,472:INFO:Engine for model 'llar_cds_dt' has not been set explicitly, hence returning None.
2023-02-22 14:41:27,472:INFO:Engine for model 'br_cds_dt' has not been set explicitly, hence returning None.
2023-02-22 14:41:27,472:INFO:Engine for model 'huber_cds_dt' has not been set explicitly, hence returning None.
2023-02-22 14:41:27,473:INFO:Engine for model 'par_cds_dt' has not been set explicitly, hence returning None.
2023-02-22 14:41:27,475:INFO:Engine for model 'omp_cds_dt' has not been set explicitly, hence returning None.
2023-02-22 14:41:27,480:INFO:Engine for model 'knn_cds_dt' has not been set explicitly, hence returning None.
2023-02-22 14:41:27,480:INFO:Engine for model 'dt_cds_dt' has not been set explicitly, hence returning None.
2023-02-22 14:41:27,481:INFO:Engine for model 'rf_cds_dt' has not been set explicitly, hence returning None.
2023-02-22 14:41:27,481:INFO:Engine for model 'et_cds_dt' has not been set explicitly, hence returning None.
2023-02-22 14:41:27,482:INFO:Engine for model 'gbr_cds_dt' has not been set explicitly, hence returning None.
2023-02-22 14:41:27,482:INFO:Engine for model 'ada_cds_dt' has not been set explicitly, hence returning None.
2023-02-22 14:41:27,483:INFO:Engine for model 'xgboost_cds_dt' has not been set explicitly, hence returning None.
2023-02-22 14:41:27,483:INFO:Soft dependency imported: xgboost: 1.7.1
2023-02-22 14:41:27,483:INFO:Soft dependency imported: xgboost: 1.7.1
2023-02-22 14:41:27,483:INFO:Engine for model 'lightgbm_cds_dt' has not been set explicitly, hence returning None.
2023-02-22 14:41:27,484:INFO:Engine for model 'catboost_cds_dt' has not been set explicitly, hence returning None.
2023-02-22 14:41:27,484:INFO:Soft dependency imported: catboost: 1.1.1
2023-02-22 14:41:27,484:INFO:Soft dependency imported: catboost: 1.1.1
2023-02-22 14:41:27,484:INFO:Engine successfully changes for model 'lasso_cds_dt' to 'sklearn'.
2023-02-22 14:41:27,487:WARNING:
'prophet' is a soft dependency and not included in the pycaret installation. Please run: `pip install prophet` to install.
2023-02-22 14:41:27,488:INFO:Engine for model 'lar_cds_dt' has not been set explicitly, hence returning None.
2023-02-22 14:41:27,488:INFO:Engine for model 'llar_cds_dt' has not been set explicitly, hence returning None.
2023-02-22 14:41:27,489:INFO:Engine for model 'br_cds_dt' has not been set explicitly, hence returning None.
2023-02-22 14:41:27,489:INFO:Engine for model 'huber_cds_dt' has not been set explicitly, hence returning None.
2023-02-22 14:41:27,489:INFO:Engine for model 'par_cds_dt' has not been set explicitly, hence returning None.
2023-02-22 14:41:27,492:INFO:Engine for model 'omp_cds_dt' has not been set explicitly, hence returning None.
2023-02-22 14:41:27,495:INFO:Engine for model 'knn_cds_dt' has not been set explicitly, hence returning None.
2023-02-22 14:41:27,495:INFO:Engine for model 'dt_cds_dt' has not been set explicitly, hence returning None.
2023-02-22 14:41:27,495:INFO:Engine for model 'rf_cds_dt' has not been set explicitly, hence returning None.
2023-02-22 14:41:27,495:INFO:Engine for model 'et_cds_dt' has not been set explicitly, hence returning None.
2023-02-22 14:41:27,496:INFO:Engine for model 'gbr_cds_dt' has not been set explicitly, hence returning None.
2023-02-22 14:41:27,496:INFO:Engine for model 'ada_cds_dt' has not been set explicitly, hence returning None.
2023-02-22 14:41:27,496:INFO:Engine for model 'xgboost_cds_dt' has not been set explicitly, hence returning None.
2023-02-22 14:41:27,496:INFO:Soft dependency imported: xgboost: 1.7.1
2023-02-22 14:41:27,496:INFO:Soft dependency imported: xgboost: 1.7.1
2023-02-22 14:41:27,496:INFO:Engine for model 'lightgbm_cds_dt' has not been set explicitly, hence returning None.
2023-02-22 14:41:27,497:INFO:Engine for model 'catboost_cds_dt' has not been set explicitly, hence returning None.
2023-02-22 14:41:27,497:INFO:Soft dependency imported: catboost: 1.1.1
2023-02-22 14:41:27,497:INFO:Soft dependency imported: catboost: 1.1.1
2023-02-22 14:41:27,500:WARNING:
'prophet' is a soft dependency and not included in the pycaret installation. Please run: `pip install prophet` to install.
2023-02-22 14:41:27,501:INFO:Engine for model 'lar_cds_dt' has not been set explicitly, hence returning None.
2023-02-22 14:41:27,501:INFO:Engine for model 'llar_cds_dt' has not been set explicitly, hence returning None.
2023-02-22 14:41:27,501:INFO:Engine for model 'br_cds_dt' has not been set explicitly, hence returning None.
2023-02-22 14:41:27,501:INFO:Engine for model 'huber_cds_dt' has not been set explicitly, hence returning None.
2023-02-22 14:41:27,501:INFO:Engine for model 'par_cds_dt' has not been set explicitly, hence returning None.
2023-02-22 14:41:27,504:INFO:Engine for model 'omp_cds_dt' has not been set explicitly, hence returning None.
2023-02-22 14:41:27,506:INFO:Engine for model 'knn_cds_dt' has not been set explicitly, hence returning None.
2023-02-22 14:41:27,507:INFO:Engine for model 'dt_cds_dt' has not been set explicitly, hence returning None.
2023-02-22 14:41:27,507:INFO:Engine for model 'rf_cds_dt' has not been set explicitly, hence returning None.
2023-02-22 14:41:27,507:INFO:Engine for model 'et_cds_dt' has not been set explicitly, hence returning None.
2023-02-22 14:41:27,507:INFO:Engine for model 'gbr_cds_dt' has not been set explicitly, hence returning None.
2023-02-22 14:41:27,508:INFO:Engine for model 'ada_cds_dt' has not been set explicitly, hence returning None.
2023-02-22 14:41:27,508:INFO:Engine for model 'xgboost_cds_dt' has not been set explicitly, hence returning None.
2023-02-22 14:41:27,509:INFO:Soft dependency imported: xgboost: 1.7.1
2023-02-22 14:41:27,509:INFO:Soft dependency imported: xgboost: 1.7.1
2023-02-22 14:41:27,509:INFO:Engine for model 'lightgbm_cds_dt' has not been set explicitly, hence returning None.
2023-02-22 14:41:27,510:INFO:Engine for model 'catboost_cds_dt' has not been set explicitly, hence returning None.
2023-02-22 14:41:27,510:INFO:Soft dependency imported: catboost: 1.1.1
2023-02-22 14:41:27,510:INFO:Soft dependency imported: catboost: 1.1.1
2023-02-22 14:41:27,511:INFO:Engine successfully changes for model 'lar_cds_dt' to 'sklearn'.
2023-02-22 14:41:27,514:WARNING:
'prophet' is a soft dependency and not included in the pycaret installation. Please run: `pip install prophet` to install.
2023-02-22 14:41:27,514:INFO:Engine for model 'llar_cds_dt' has not been set explicitly, hence returning None.
2023-02-22 14:41:27,515:INFO:Engine for model 'br_cds_dt' has not been set explicitly, hence returning None.
2023-02-22 14:41:27,515:INFO:Engine for model 'huber_cds_dt' has not been set explicitly, hence returning None.
2023-02-22 14:41:27,515:INFO:Engine for model 'par_cds_dt' has not been set explicitly, hence returning None.
2023-02-22 14:41:27,518:INFO:Engine for model 'omp_cds_dt' has not been set explicitly, hence returning None.
2023-02-22 14:41:27,520:INFO:Engine for model 'knn_cds_dt' has not been set explicitly, hence returning None.
2023-02-22 14:41:27,520:INFO:Engine for model 'dt_cds_dt' has not been set explicitly, hence returning None.
2023-02-22 14:41:27,521:INFO:Engine for model 'rf_cds_dt' has not been set explicitly, hence returning None.
2023-02-22 14:41:27,521:INFO:Engine for model 'et_cds_dt' has not been set explicitly, hence returning None.
2023-02-22 14:41:27,521:INFO:Engine for model 'gbr_cds_dt' has not been set explicitly, hence returning None.
2023-02-22 14:41:27,521:INFO:Engine for model 'ada_cds_dt' has not been set explicitly, hence returning None.
2023-02-22 14:41:27,521:INFO:Engine for model 'xgboost_cds_dt' has not been set explicitly, hence returning None.
2023-02-22 14:41:27,521:INFO:Soft dependency imported: xgboost: 1.7.1
2023-02-22 14:41:27,522:INFO:Soft dependency imported: xgboost: 1.7.1
2023-02-22 14:41:27,522:INFO:Engine for model 'lightgbm_cds_dt' has not been set explicitly, hence returning None.
2023-02-22 14:41:27,522:INFO:Engine for model 'catboost_cds_dt' has not been set explicitly, hence returning None.
2023-02-22 14:41:27,522:INFO:Soft dependency imported: catboost: 1.1.1
2023-02-22 14:41:27,522:INFO:Soft dependency imported: catboost: 1.1.1
2023-02-22 14:41:27,525:WARNING:
'prophet' is a soft dependency and not included in the pycaret installation. Please run: `pip install prophet` to install.
2023-02-22 14:41:27,526:INFO:Engine for model 'llar_cds_dt' has not been set explicitly, hence returning None.
2023-02-22 14:41:27,526:INFO:Engine for model 'br_cds_dt' has not been set explicitly, hence returning None.
2023-02-22 14:41:27,526:INFO:Engine for model 'huber_cds_dt' has not been set explicitly, hence returning None.
2023-02-22 14:41:27,526:INFO:Engine for model 'par_cds_dt' has not been set explicitly, hence returning None.
2023-02-22 14:41:27,529:INFO:Engine for model 'omp_cds_dt' has not been set explicitly, hence returning None.
2023-02-22 14:41:27,531:INFO:Engine for model 'knn_cds_dt' has not been set explicitly, hence returning None.
2023-02-22 14:41:27,531:INFO:Engine for model 'dt_cds_dt' has not been set explicitly, hence returning None.
2023-02-22 14:41:27,532:INFO:Engine for model 'rf_cds_dt' has not been set explicitly, hence returning None.
2023-02-22 14:41:27,532:INFO:Engine for model 'et_cds_dt' has not been set explicitly, hence returning None.
2023-02-22 14:41:27,532:INFO:Engine for model 'gbr_cds_dt' has not been set explicitly, hence returning None.
2023-02-22 14:41:27,532:INFO:Engine for model 'ada_cds_dt' has not been set explicitly, hence returning None.
2023-02-22 14:41:27,533:INFO:Engine for model 'xgboost_cds_dt' has not been set explicitly, hence returning None.
2023-02-22 14:41:27,533:INFO:Soft dependency imported: xgboost: 1.7.1
2023-02-22 14:41:27,533:INFO:Soft dependency imported: xgboost: 1.7.1
2023-02-22 14:41:27,533:INFO:Engine for model 'lightgbm_cds_dt' has not been set explicitly, hence returning None.
2023-02-22 14:41:27,533:INFO:Engine for model 'catboost_cds_dt' has not been set explicitly, hence returning None.
2023-02-22 14:41:27,533:INFO:Soft dependency imported: catboost: 1.1.1
2023-02-22 14:41:27,533:INFO:Soft dependency imported: catboost: 1.1.1
2023-02-22 14:41:27,534:INFO:Engine successfully changes for model 'llar_cds_dt' to 'sklearn'.
2023-02-22 14:41:27,536:WARNING:
'prophet' is a soft dependency and not included in the pycaret installation. Please run: `pip install prophet` to install.
2023-02-22 14:41:27,537:INFO:Engine for model 'br_cds_dt' has not been set explicitly, hence returning None.
2023-02-22 14:41:27,537:INFO:Engine for model 'huber_cds_dt' has not been set explicitly, hence returning None.
2023-02-22 14:41:27,537:INFO:Engine for model 'par_cds_dt' has not been set explicitly, hence returning None.
2023-02-22 14:41:27,543:INFO:Engine for model 'omp_cds_dt' has not been set explicitly, hence returning None.
2023-02-22 14:41:27,546:INFO:Engine for model 'knn_cds_dt' has not been set explicitly, hence returning None.
2023-02-22 14:41:27,546:INFO:Engine for model 'dt_cds_dt' has not been set explicitly, hence returning None.
2023-02-22 14:41:27,547:INFO:Engine for model 'rf_cds_dt' has not been set explicitly, hence returning None.
2023-02-22 14:41:27,547:INFO:Engine for model 'et_cds_dt' has not been set explicitly, hence returning None.
2023-02-22 14:41:27,547:INFO:Engine for model 'gbr_cds_dt' has not been set explicitly, hence returning None.
2023-02-22 14:41:27,548:INFO:Engine for model 'ada_cds_dt' has not been set explicitly, hence returning None.
2023-02-22 14:41:27,548:INFO:Engine for model 'xgboost_cds_dt' has not been set explicitly, hence returning None.
2023-02-22 14:41:27,548:INFO:Soft dependency imported: xgboost: 1.7.1
2023-02-22 14:41:27,548:INFO:Soft dependency imported: xgboost: 1.7.1
2023-02-22 14:41:27,548:INFO:Engine for model 'lightgbm_cds_dt' has not been set explicitly, hence returning None.
2023-02-22 14:41:27,548:INFO:Engine for model 'catboost_cds_dt' has not been set explicitly, hence returning None.
2023-02-22 14:41:27,549:INFO:Soft dependency imported: catboost: 1.1.1
2023-02-22 14:41:27,549:INFO:Soft dependency imported: catboost: 1.1.1
2023-02-22 14:41:27,551:WARNING:
'prophet' is a soft dependency and not included in the pycaret installation. Please run: `pip install prophet` to install.
2023-02-22 14:41:27,552:INFO:Engine for model 'br_cds_dt' has not been set explicitly, hence returning None.
2023-02-22 14:41:27,552:INFO:Engine for model 'huber_cds_dt' has not been set explicitly, hence returning None.
2023-02-22 14:41:27,553:INFO:Engine for model 'par_cds_dt' has not been set explicitly, hence returning None.
2023-02-22 14:41:27,555:INFO:Engine for model 'omp_cds_dt' has not been set explicitly, hence returning None.
2023-02-22 14:41:27,558:INFO:Engine for model 'knn_cds_dt' has not been set explicitly, hence returning None.
2023-02-22 14:41:27,558:INFO:Engine for model 'dt_cds_dt' has not been set explicitly, hence returning None.
2023-02-22 14:41:27,558:INFO:Engine for model 'rf_cds_dt' has not been set explicitly, hence returning None.
2023-02-22 14:41:27,558:INFO:Engine for model 'et_cds_dt' has not been set explicitly, hence returning None.
2023-02-22 14:41:27,559:INFO:Engine for model 'gbr_cds_dt' has not been set explicitly, hence returning None.
2023-02-22 14:41:27,559:INFO:Engine for model 'ada_cds_dt' has not been set explicitly, hence returning None.
2023-02-22 14:41:27,559:INFO:Engine for model 'xgboost_cds_dt' has not been set explicitly, hence returning None.
2023-02-22 14:41:27,559:INFO:Soft dependency imported: xgboost: 1.7.1
2023-02-22 14:41:27,559:INFO:Soft dependency imported: xgboost: 1.7.1
2023-02-22 14:41:27,559:INFO:Engine for model 'lightgbm_cds_dt' has not been set explicitly, hence returning None.
2023-02-22 14:41:27,560:INFO:Engine for model 'catboost_cds_dt' has not been set explicitly, hence returning None.
2023-02-22 14:41:27,560:INFO:Soft dependency imported: catboost: 1.1.1
2023-02-22 14:41:27,560:INFO:Soft dependency imported: catboost: 1.1.1
2023-02-22 14:41:27,560:INFO:Engine successfully changes for model 'br_cds_dt' to 'sklearn'.
2023-02-22 14:41:27,563:WARNING:
'prophet' is a soft dependency and not included in the pycaret installation. Please run: `pip install prophet` to install.
2023-02-22 14:41:27,564:INFO:Engine for model 'huber_cds_dt' has not been set explicitly, hence returning None.
2023-02-22 14:41:27,564:INFO:Engine for model 'par_cds_dt' has not been set explicitly, hence returning None.
2023-02-22 14:41:27,566:INFO:Engine for model 'omp_cds_dt' has not been set explicitly, hence returning None.
2023-02-22 14:41:27,569:INFO:Engine for model 'knn_cds_dt' has not been set explicitly, hence returning None.
2023-02-22 14:41:27,569:INFO:Engine for model 'dt_cds_dt' has not been set explicitly, hence returning None.
2023-02-22 14:41:27,569:INFO:Engine for model 'rf_cds_dt' has not been set explicitly, hence returning None.
2023-02-22 14:41:27,569:INFO:Engine for model 'et_cds_dt' has not been set explicitly, hence returning None.
2023-02-22 14:41:27,570:INFO:Engine for model 'gbr_cds_dt' has not been set explicitly, hence returning None.
2023-02-22 14:41:27,571:INFO:Engine for model 'ada_cds_dt' has not been set explicitly, hence returning None.
2023-02-22 14:41:27,571:INFO:Engine for model 'xgboost_cds_dt' has not been set explicitly, hence returning None.
2023-02-22 14:41:27,571:INFO:Soft dependency imported: xgboost: 1.7.1
2023-02-22 14:41:27,571:INFO:Soft dependency imported: xgboost: 1.7.1
2023-02-22 14:41:27,572:INFO:Engine for model 'lightgbm_cds_dt' has not been set explicitly, hence returning None.
2023-02-22 14:41:27,572:INFO:Engine for model 'catboost_cds_dt' has not been set explicitly, hence returning None.
2023-02-22 14:41:27,572:INFO:Soft dependency imported: catboost: 1.1.1
2023-02-22 14:41:27,572:INFO:Soft dependency imported: catboost: 1.1.1
2023-02-22 14:41:27,575:WARNING:
'prophet' is a soft dependency and not included in the pycaret installation. Please run: `pip install prophet` to install.
2023-02-22 14:41:27,576:INFO:Engine for model 'huber_cds_dt' has not been set explicitly, hence returning None.
2023-02-22 14:41:27,576:INFO:Engine for model 'par_cds_dt' has not been set explicitly, hence returning None.
2023-02-22 14:41:27,579:INFO:Engine for model 'omp_cds_dt' has not been set explicitly, hence returning None.
2023-02-22 14:41:27,582:INFO:Engine for model 'knn_cds_dt' has not been set explicitly, hence returning None.
2023-02-22 14:41:27,582:INFO:Engine for model 'dt_cds_dt' has not been set explicitly, hence returning None.
2023-02-22 14:41:27,582:INFO:Engine for model 'rf_cds_dt' has not been set explicitly, hence returning None.
2023-02-22 14:41:27,583:INFO:Engine for model 'et_cds_dt' has not been set explicitly, hence returning None.
2023-02-22 14:41:27,583:INFO:Engine for model 'gbr_cds_dt' has not been set explicitly, hence returning None.
2023-02-22 14:41:27,583:INFO:Engine for model 'ada_cds_dt' has not been set explicitly, hence returning None.
2023-02-22 14:41:27,583:INFO:Engine for model 'xgboost_cds_dt' has not been set explicitly, hence returning None.
2023-02-22 14:41:27,583:INFO:Soft dependency imported: xgboost: 1.7.1
2023-02-22 14:41:27,583:INFO:Soft dependency imported: xgboost: 1.7.1
2023-02-22 14:41:27,584:INFO:Engine for model 'lightgbm_cds_dt' has not been set explicitly, hence returning None.
2023-02-22 14:41:27,584:INFO:Engine for model 'catboost_cds_dt' has not been set explicitly, hence returning None.
2023-02-22 14:41:27,584:INFO:Soft dependency imported: catboost: 1.1.1
2023-02-22 14:41:27,584:INFO:Soft dependency imported: catboost: 1.1.1
2023-02-22 14:41:27,585:INFO:Engine successfully changes for model 'huber_cds_dt' to 'sklearn'.
2023-02-22 14:41:27,587:WARNING:
'prophet' is a soft dependency and not included in the pycaret installation. Please run: `pip install prophet` to install.
2023-02-22 14:41:27,588:INFO:Engine for model 'par_cds_dt' has not been set explicitly, hence returning None.
2023-02-22 14:41:27,590:INFO:Engine for model 'omp_cds_dt' has not been set explicitly, hence returning None.
2023-02-22 14:41:27,593:INFO:Engine for model 'knn_cds_dt' has not been set explicitly, hence returning None.
2023-02-22 14:41:27,593:INFO:Engine for model 'dt_cds_dt' has not been set explicitly, hence returning None.
2023-02-22 14:41:27,593:INFO:Engine for model 'rf_cds_dt' has not been set explicitly, hence returning None.
2023-02-22 14:41:27,594:INFO:Engine for model 'et_cds_dt' has not been set explicitly, hence returning None.
2023-02-22 14:41:27,594:INFO:Engine for model 'gbr_cds_dt' has not been set explicitly, hence returning None.
2023-02-22 14:41:27,594:INFO:Engine for model 'ada_cds_dt' has not been set explicitly, hence returning None.
2023-02-22 14:41:27,594:INFO:Engine for model 'xgboost_cds_dt' has not been set explicitly, hence returning None.
2023-02-22 14:41:27,594:INFO:Soft dependency imported: xgboost: 1.7.1
2023-02-22 14:41:27,594:INFO:Soft dependency imported: xgboost: 1.7.1
2023-02-22 14:41:27,595:INFO:Engine for model 'lightgbm_cds_dt' has not been set explicitly, hence returning None.
2023-02-22 14:41:27,595:INFO:Engine for model 'catboost_cds_dt' has not been set explicitly, hence returning None.
2023-02-22 14:41:27,595:INFO:Soft dependency imported: catboost: 1.1.1
2023-02-22 14:41:27,595:INFO:Soft dependency imported: catboost: 1.1.1
2023-02-22 14:41:27,598:WARNING:
'prophet' is a soft dependency and not included in the pycaret installation. Please run: `pip install prophet` to install.
2023-02-22 14:41:27,599:INFO:Engine for model 'par_cds_dt' has not been set explicitly, hence returning None.
2023-02-22 14:41:27,601:INFO:Engine for model 'omp_cds_dt' has not been set explicitly, hence returning None.
2023-02-22 14:41:27,605:INFO:Engine for model 'knn_cds_dt' has not been set explicitly, hence returning None.
2023-02-22 14:41:27,605:INFO:Engine for model 'dt_cds_dt' has not been set explicitly, hence returning None.
2023-02-22 14:41:27,606:INFO:Engine for model 'rf_cds_dt' has not been set explicitly, hence returning None.
2023-02-22 14:41:27,606:INFO:Engine for model 'et_cds_dt' has not been set explicitly, hence returning None.
2023-02-22 14:41:27,606:INFO:Engine for model 'gbr_cds_dt' has not been set explicitly, hence returning None.
2023-02-22 14:41:27,606:INFO:Engine for model 'ada_cds_dt' has not been set explicitly, hence returning None.
2023-02-22 14:41:27,606:INFO:Engine for model 'xgboost_cds_dt' has not been set explicitly, hence returning None.
2023-02-22 14:41:27,607:INFO:Soft dependency imported: xgboost: 1.7.1
2023-02-22 14:41:27,607:INFO:Soft dependency imported: xgboost: 1.7.1
2023-02-22 14:41:27,607:INFO:Engine for model 'lightgbm_cds_dt' has not been set explicitly, hence returning None.
2023-02-22 14:41:27,607:INFO:Engine for model 'catboost_cds_dt' has not been set explicitly, hence returning None.
2023-02-22 14:41:27,607:INFO:Soft dependency imported: catboost: 1.1.1
2023-02-22 14:41:27,608:INFO:Soft dependency imported: catboost: 1.1.1
2023-02-22 14:41:27,608:INFO:Engine successfully changes for model 'par_cds_dt' to 'sklearn'.
2023-02-22 14:41:27,611:WARNING:
'prophet' is a soft dependency and not included in the pycaret installation. Please run: `pip install prophet` to install.
2023-02-22 14:41:27,615:INFO:Engine for model 'omp_cds_dt' has not been set explicitly, hence returning None.
2023-02-22 14:41:27,617:INFO:Engine for model 'knn_cds_dt' has not been set explicitly, hence returning None.
2023-02-22 14:41:27,617:INFO:Engine for model 'dt_cds_dt' has not been set explicitly, hence returning None.
2023-02-22 14:41:27,617:INFO:Engine for model 'rf_cds_dt' has not been set explicitly, hence returning None.
2023-02-22 14:41:27,618:INFO:Engine for model 'et_cds_dt' has not been set explicitly, hence returning None.
2023-02-22 14:41:27,618:INFO:Engine for model 'gbr_cds_dt' has not been set explicitly, hence returning None.
2023-02-22 14:41:27,618:INFO:Engine for model 'ada_cds_dt' has not been set explicitly, hence returning None.
2023-02-22 14:41:27,618:INFO:Engine for model 'xgboost_cds_dt' has not been set explicitly, hence returning None.
2023-02-22 14:41:27,618:INFO:Soft dependency imported: xgboost: 1.7.1
2023-02-22 14:41:27,618:INFO:Soft dependency imported: xgboost: 1.7.1
2023-02-22 14:41:27,619:INFO:Engine for model 'lightgbm_cds_dt' has not been set explicitly, hence returning None.
2023-02-22 14:41:27,619:INFO:Engine for model 'catboost_cds_dt' has not been set explicitly, hence returning None.
2023-02-22 14:41:27,619:INFO:Soft dependency imported: catboost: 1.1.1
2023-02-22 14:41:27,619:INFO:Soft dependency imported: catboost: 1.1.1
2023-02-22 14:41:27,622:WARNING:
'prophet' is a soft dependency and not included in the pycaret installation. Please run: `pip install prophet` to install.
2023-02-22 14:41:27,625:INFO:Engine for model 'omp_cds_dt' has not been set explicitly, hence returning None.
2023-02-22 14:41:27,628:INFO:Engine for model 'knn_cds_dt' has not been set explicitly, hence returning None.
2023-02-22 14:41:27,628:INFO:Engine for model 'dt_cds_dt' has not been set explicitly, hence returning None.
2023-02-22 14:41:27,628:INFO:Engine for model 'rf_cds_dt' has not been set explicitly, hence returning None.
2023-02-22 14:41:27,629:INFO:Engine for model 'et_cds_dt' has not been set explicitly, hence returning None.
2023-02-22 14:41:27,629:INFO:Engine for model 'gbr_cds_dt' has not been set explicitly, hence returning None.
2023-02-22 14:41:27,629:INFO:Engine for model 'ada_cds_dt' has not been set explicitly, hence returning None.
2023-02-22 14:41:27,629:INFO:Engine for model 'xgboost_cds_dt' has not been set explicitly, hence returning None.
2023-02-22 14:41:27,629:INFO:Soft dependency imported: xgboost: 1.7.1
2023-02-22 14:41:27,629:INFO:Soft dependency imported: xgboost: 1.7.1
2023-02-22 14:41:27,630:INFO:Engine for model 'lightgbm_cds_dt' has not been set explicitly, hence returning None.
2023-02-22 14:41:27,630:INFO:Engine for model 'catboost_cds_dt' has not been set explicitly, hence returning None.
2023-02-22 14:41:27,630:INFO:Soft dependency imported: catboost: 1.1.1
2023-02-22 14:41:27,630:INFO:Soft dependency imported: catboost: 1.1.1
2023-02-22 14:41:27,631:INFO:Engine successfully changes for model 'omp_cds_dt' to 'sklearn'.
2023-02-22 14:41:27,634:WARNING:
'prophet' is a soft dependency and not included in the pycaret installation. Please run: `pip install prophet` to install.
2023-02-22 14:41:27,642:INFO:Engine for model 'knn_cds_dt' has not been set explicitly, hence returning None.
2023-02-22 14:41:27,643:INFO:Engine for model 'dt_cds_dt' has not been set explicitly, hence returning None.
2023-02-22 14:41:27,643:INFO:Engine for model 'rf_cds_dt' has not been set explicitly, hence returning None.
2023-02-22 14:41:27,643:INFO:Engine for model 'et_cds_dt' has not been set explicitly, hence returning None.
2023-02-22 14:41:27,643:INFO:Engine for model 'gbr_cds_dt' has not been set explicitly, hence returning None.
2023-02-22 14:41:27,644:INFO:Engine for model 'ada_cds_dt' has not been set explicitly, hence returning None.
2023-02-22 14:41:27,644:INFO:Engine for model 'xgboost_cds_dt' has not been set explicitly, hence returning None.
2023-02-22 14:41:27,644:INFO:Soft dependency imported: xgboost: 1.7.1
2023-02-22 14:41:27,644:INFO:Soft dependency imported: xgboost: 1.7.1
2023-02-22 14:41:27,644:INFO:Engine for model 'lightgbm_cds_dt' has not been set explicitly, hence returning None.
2023-02-22 14:41:27,645:INFO:Engine for model 'catboost_cds_dt' has not been set explicitly, hence returning None.
2023-02-22 14:41:27,645:INFO:Soft dependency imported: catboost: 1.1.1
2023-02-22 14:41:27,645:INFO:Soft dependency imported: catboost: 1.1.1
2023-02-22 14:41:27,647:WARNING:
'prophet' is a soft dependency and not included in the pycaret installation. Please run: `pip install prophet` to install.
2023-02-22 14:41:27,653:INFO:Engine for model 'knn_cds_dt' has not been set explicitly, hence returning None.
2023-02-22 14:41:27,653:INFO:Engine for model 'dt_cds_dt' has not been set explicitly, hence returning None.
2023-02-22 14:41:27,654:INFO:Engine for model 'rf_cds_dt' has not been set explicitly, hence returning None.
2023-02-22 14:41:27,654:INFO:Engine for model 'et_cds_dt' has not been set explicitly, hence returning None.
2023-02-22 14:41:27,654:INFO:Engine for model 'gbr_cds_dt' has not been set explicitly, hence returning None.
2023-02-22 14:41:27,654:INFO:Engine for model 'ada_cds_dt' has not been set explicitly, hence returning None.
2023-02-22 14:41:27,655:INFO:Engine for model 'xgboost_cds_dt' has not been set explicitly, hence returning None.
2023-02-22 14:41:27,655:INFO:Soft dependency imported: xgboost: 1.7.1
2023-02-22 14:41:27,655:INFO:Soft dependency imported: xgboost: 1.7.1
2023-02-22 14:41:27,655:INFO:Engine for model 'lightgbm_cds_dt' has not been set explicitly, hence returning None.
2023-02-22 14:41:27,655:INFO:Engine for model 'catboost_cds_dt' has not been set explicitly, hence returning None.
2023-02-22 14:41:27,655:INFO:Soft dependency imported: catboost: 1.1.1
2023-02-22 14:41:27,656:INFO:Soft dependency imported: catboost: 1.1.1
2023-02-22 14:41:27,656:INFO:Engine successfully changes for model 'knn_cds_dt' to 'sklearn'.
2023-02-22 14:41:27,658:WARNING:
'prophet' is a soft dependency and not included in the pycaret installation. Please run: `pip install prophet` to install.
2023-02-22 14:41:27,664:INFO:Engine for model 'dt_cds_dt' has not been set explicitly, hence returning None.
2023-02-22 14:41:27,666:INFO:Engine for model 'rf_cds_dt' has not been set explicitly, hence returning None.
2023-02-22 14:41:27,666:INFO:Engine for model 'et_cds_dt' has not been set explicitly, hence returning None.
2023-02-22 14:41:27,666:INFO:Engine for model 'gbr_cds_dt' has not been set explicitly, hence returning None.
2023-02-22 14:41:27,666:INFO:Engine for model 'ada_cds_dt' has not been set explicitly, hence returning None.
2023-02-22 14:41:27,666:INFO:Engine for model 'xgboost_cds_dt' has not been set explicitly, hence returning None.
2023-02-22 14:41:27,666:INFO:Soft dependency imported: xgboost: 1.7.1
2023-02-22 14:41:27,666:INFO:Soft dependency imported: xgboost: 1.7.1
2023-02-22 14:41:27,666:INFO:Engine for model 'lightgbm_cds_dt' has not been set explicitly, hence returning None.
2023-02-22 14:41:27,667:INFO:Engine for model 'catboost_cds_dt' has not been set explicitly, hence returning None.
2023-02-22 14:41:27,667:INFO:Soft dependency imported: catboost: 1.1.1
2023-02-22 14:41:27,667:INFO:Soft dependency imported: catboost: 1.1.1
2023-02-22 14:41:27,670:WARNING:
'prophet' is a soft dependency and not included in the pycaret installation. Please run: `pip install prophet` to install.
2023-02-22 14:41:27,677:INFO:Engine for model 'dt_cds_dt' has not been set explicitly, hence returning None.
2023-02-22 14:41:27,677:INFO:Engine for model 'rf_cds_dt' has not been set explicitly, hence returning None.
2023-02-22 14:41:27,677:INFO:Engine for model 'et_cds_dt' has not been set explicitly, hence returning None.
2023-02-22 14:41:27,677:INFO:Engine for model 'gbr_cds_dt' has not been set explicitly, hence returning None.
2023-02-22 14:41:27,677:INFO:Engine for model 'ada_cds_dt' has not been set explicitly, hence returning None.
2023-02-22 14:41:27,678:INFO:Engine for model 'xgboost_cds_dt' has not been set explicitly, hence returning None.
2023-02-22 14:41:27,678:INFO:Soft dependency imported: xgboost: 1.7.1
2023-02-22 14:41:27,678:INFO:Soft dependency imported: xgboost: 1.7.1
2023-02-22 14:41:27,678:INFO:Engine for model 'lightgbm_cds_dt' has not been set explicitly, hence returning None.
2023-02-22 14:41:27,678:INFO:Engine for model 'catboost_cds_dt' has not been set explicitly, hence returning None.
2023-02-22 14:41:27,678:INFO:Soft dependency imported: catboost: 1.1.1
2023-02-22 14:41:27,679:INFO:Soft dependency imported: catboost: 1.1.1
2023-02-22 14:41:27,679:INFO:Engine successfully changes for model 'dt_cds_dt' to 'sklearn'.
2023-02-22 14:41:27,681:WARNING:
'prophet' is a soft dependency and not included in the pycaret installation. Please run: `pip install prophet` to install.
2023-02-22 14:41:27,687:INFO:Engine for model 'rf_cds_dt' has not been set explicitly, hence returning None.
2023-02-22 14:41:27,688:INFO:Engine for model 'et_cds_dt' has not been set explicitly, hence returning None.
2023-02-22 14:41:27,688:INFO:Engine for model 'gbr_cds_dt' has not been set explicitly, hence returning None.
2023-02-22 14:41:27,688:INFO:Engine for model 'ada_cds_dt' has not been set explicitly, hence returning None.
2023-02-22 14:41:27,688:INFO:Engine for model 'xgboost_cds_dt' has not been set explicitly, hence returning None.
2023-02-22 14:41:27,688:INFO:Soft dependency imported: xgboost: 1.7.1
2023-02-22 14:41:27,689:INFO:Soft dependency imported: xgboost: 1.7.1
2023-02-22 14:41:27,689:INFO:Engine for model 'lightgbm_cds_dt' has not been set explicitly, hence returning None.
2023-02-22 14:41:27,689:INFO:Engine for model 'catboost_cds_dt' has not been set explicitly, hence returning None.
2023-02-22 14:41:27,689:INFO:Soft dependency imported: catboost: 1.1.1
2023-02-22 14:41:27,689:INFO:Soft dependency imported: catboost: 1.1.1
2023-02-22 14:41:27,692:WARNING:
'prophet' is a soft dependency and not included in the pycaret installation. Please run: `pip install prophet` to install.
2023-02-22 14:41:27,700:INFO:Engine for model 'rf_cds_dt' has not been set explicitly, hence returning None.
2023-02-22 14:41:27,701:INFO:Engine for model 'et_cds_dt' has not been set explicitly, hence returning None.
2023-02-22 14:41:27,701:INFO:Engine for model 'gbr_cds_dt' has not been set explicitly, hence returning None.
2023-02-22 14:41:27,701:INFO:Engine for model 'ada_cds_dt' has not been set explicitly, hence returning None.
2023-02-22 14:41:27,701:INFO:Engine for model 'xgboost_cds_dt' has not been set explicitly, hence returning None.
2023-02-22 14:41:27,701:INFO:Soft dependency imported: xgboost: 1.7.1
2023-02-22 14:41:27,701:INFO:Soft dependency imported: xgboost: 1.7.1
2023-02-22 14:41:27,702:INFO:Engine for model 'lightgbm_cds_dt' has not been set explicitly, hence returning None.
2023-02-22 14:41:27,702:INFO:Engine for model 'catboost_cds_dt' has not been set explicitly, hence returning None.
2023-02-22 14:41:27,702:INFO:Soft dependency imported: catboost: 1.1.1
2023-02-22 14:41:27,702:INFO:Soft dependency imported: catboost: 1.1.1
2023-02-22 14:41:27,702:INFO:Engine successfully changes for model 'rf_cds_dt' to 'sklearn'.
2023-02-22 14:41:27,705:WARNING:
'prophet' is a soft dependency and not included in the pycaret installation. Please run: `pip install prophet` to install.
2023-02-22 14:41:27,712:INFO:Engine for model 'et_cds_dt' has not been set explicitly, hence returning None.
2023-02-22 14:41:27,712:INFO:Engine for model 'gbr_cds_dt' has not been set explicitly, hence returning None.
2023-02-22 14:41:27,712:INFO:Engine for model 'ada_cds_dt' has not been set explicitly, hence returning None.
2023-02-22 14:41:27,712:INFO:Engine for model 'xgboost_cds_dt' has not been set explicitly, hence returning None.
2023-02-22 14:41:27,712:INFO:Soft dependency imported: xgboost: 1.7.1
2023-02-22 14:41:27,712:INFO:Soft dependency imported: xgboost: 1.7.1
2023-02-22 14:41:27,713:INFO:Engine for model 'lightgbm_cds_dt' has not been set explicitly, hence returning None.
2023-02-22 14:41:27,713:INFO:Engine for model 'catboost_cds_dt' has not been set explicitly, hence returning None.
2023-02-22 14:41:27,713:INFO:Soft dependency imported: catboost: 1.1.1
2023-02-22 14:41:27,713:INFO:Soft dependency imported: catboost: 1.1.1
2023-02-22 14:41:27,716:WARNING:
'prophet' is a soft dependency and not included in the pycaret installation. Please run: `pip install prophet` to install.
2023-02-22 14:41:27,722:INFO:Engine for model 'et_cds_dt' has not been set explicitly, hence returning None.
2023-02-22 14:41:27,723:INFO:Engine for model 'gbr_cds_dt' has not been set explicitly, hence returning None.
2023-02-22 14:41:27,723:INFO:Engine for model 'ada_cds_dt' has not been set explicitly, hence returning None.
2023-02-22 14:41:27,723:INFO:Engine for model 'xgboost_cds_dt' has not been set explicitly, hence returning None.
2023-02-22 14:41:27,723:INFO:Soft dependency imported: xgboost: 1.7.1
2023-02-22 14:41:27,723:INFO:Soft dependency imported: xgboost: 1.7.1
2023-02-22 14:41:27,723:INFO:Engine for model 'lightgbm_cds_dt' has not been set explicitly, hence returning None.
2023-02-22 14:41:27,724:INFO:Engine for model 'catboost_cds_dt' has not been set explicitly, hence returning None.
2023-02-22 14:41:27,724:INFO:Soft dependency imported: catboost: 1.1.1
2023-02-22 14:41:27,724:INFO:Soft dependency imported: catboost: 1.1.1
2023-02-22 14:41:27,724:INFO:Engine successfully changes for model 'et_cds_dt' to 'sklearn'.
2023-02-22 14:41:27,728:WARNING:
'prophet' is a soft dependency and not included in the pycaret installation. Please run: `pip install prophet` to install.
2023-02-22 14:41:27,740:INFO:Engine for model 'gbr_cds_dt' has not been set explicitly, hence returning None.
2023-02-22 14:41:27,740:INFO:Engine for model 'ada_cds_dt' has not been set explicitly, hence returning None.
2023-02-22 14:41:27,741:INFO:Engine for model 'xgboost_cds_dt' has not been set explicitly, hence returning None.
2023-02-22 14:41:27,741:INFO:Soft dependency imported: xgboost: 1.7.1
2023-02-22 14:41:27,741:INFO:Soft dependency imported: xgboost: 1.7.1
2023-02-22 14:41:27,742:INFO:Engine for model 'lightgbm_cds_dt' has not been set explicitly, hence returning None.
2023-02-22 14:41:27,743:INFO:Engine for model 'catboost_cds_dt' has not been set explicitly, hence returning None.
2023-02-22 14:41:27,743:INFO:Soft dependency imported: catboost: 1.1.1
2023-02-22 14:41:27,743:INFO:Soft dependency imported: catboost: 1.1.1
2023-02-22 14:41:27,750:WARNING:
'prophet' is a soft dependency and not included in the pycaret installation. Please run: `pip install prophet` to install.
2023-02-22 14:41:27,757:INFO:Engine for model 'gbr_cds_dt' has not been set explicitly, hence returning None.
2023-02-22 14:41:27,758:INFO:Engine for model 'ada_cds_dt' has not been set explicitly, hence returning None.
2023-02-22 14:41:27,758:INFO:Engine for model 'xgboost_cds_dt' has not been set explicitly, hence returning None.
2023-02-22 14:41:27,758:INFO:Soft dependency imported: xgboost: 1.7.1
2023-02-22 14:41:27,758:INFO:Soft dependency imported: xgboost: 1.7.1
2023-02-22 14:41:27,759:INFO:Engine for model 'lightgbm_cds_dt' has not been set explicitly, hence returning None.
2023-02-22 14:41:27,759:INFO:Engine for model 'catboost_cds_dt' has not been set explicitly, hence returning None.
2023-02-22 14:41:27,759:INFO:Soft dependency imported: catboost: 1.1.1
2023-02-22 14:41:27,759:INFO:Soft dependency imported: catboost: 1.1.1
2023-02-22 14:41:27,760:INFO:Engine successfully changes for model 'gbr_cds_dt' to 'sklearn'.
2023-02-22 14:41:27,762:WARNING:
'prophet' is a soft dependency and not included in the pycaret installation. Please run: `pip install prophet` to install.
2023-02-22 14:41:27,769:INFO:Engine for model 'ada_cds_dt' has not been set explicitly, hence returning None.
2023-02-22 14:41:27,769:INFO:Engine for model 'xgboost_cds_dt' has not been set explicitly, hence returning None.
2023-02-22 14:41:27,769:INFO:Soft dependency imported: xgboost: 1.7.1
2023-02-22 14:41:27,769:INFO:Soft dependency imported: xgboost: 1.7.1
2023-02-22 14:41:27,769:INFO:Engine for model 'lightgbm_cds_dt' has not been set explicitly, hence returning None.
2023-02-22 14:41:27,770:INFO:Engine for model 'catboost_cds_dt' has not been set explicitly, hence returning None.
2023-02-22 14:41:27,770:INFO:Soft dependency imported: catboost: 1.1.1
2023-02-22 14:41:27,770:INFO:Soft dependency imported: catboost: 1.1.1
2023-02-22 14:41:27,772:WARNING:
'prophet' is a soft dependency and not included in the pycaret installation. Please run: `pip install prophet` to install.
2023-02-22 14:41:27,779:INFO:Engine for model 'ada_cds_dt' has not been set explicitly, hence returning None.
2023-02-22 14:41:27,779:INFO:Engine for model 'xgboost_cds_dt' has not been set explicitly, hence returning None.
2023-02-22 14:41:27,779:INFO:Soft dependency imported: xgboost: 1.7.1
2023-02-22 14:41:27,779:INFO:Soft dependency imported: xgboost: 1.7.1
2023-02-22 14:41:27,780:INFO:Engine for model 'lightgbm_cds_dt' has not been set explicitly, hence returning None.
2023-02-22 14:41:27,780:INFO:Engine for model 'catboost_cds_dt' has not been set explicitly, hence returning None.
2023-02-22 14:41:27,780:INFO:Soft dependency imported: catboost: 1.1.1
2023-02-22 14:41:27,780:INFO:Soft dependency imported: catboost: 1.1.1
2023-02-22 14:41:27,781:INFO:Engine successfully changes for model 'ada_cds_dt' to 'sklearn'.
2023-02-22 14:41:27,783:WARNING:
'prophet' is a soft dependency and not included in the pycaret installation. Please run: `pip install prophet` to install.
2023-02-22 14:41:27,791:INFO:Engine for model 'xgboost_cds_dt' has not been set explicitly, hence returning None.
2023-02-22 14:41:27,791:INFO:Soft dependency imported: xgboost: 1.7.1
2023-02-22 14:41:27,791:INFO:Soft dependency imported: xgboost: 1.7.1
2023-02-22 14:41:27,792:INFO:Engine for model 'lightgbm_cds_dt' has not been set explicitly, hence returning None.
2023-02-22 14:41:27,792:INFO:Engine for model 'catboost_cds_dt' has not been set explicitly, hence returning None.
2023-02-22 14:41:27,792:INFO:Soft dependency imported: catboost: 1.1.1
2023-02-22 14:41:27,792:INFO:Soft dependency imported: catboost: 1.1.1
2023-02-22 14:41:27,796:WARNING:
'prophet' is a soft dependency and not included in the pycaret installation. Please run: `pip install prophet` to install.
2023-02-22 14:41:27,804:INFO:Engine for model 'xgboost_cds_dt' has not been set explicitly, hence returning None.
2023-02-22 14:41:27,804:INFO:Soft dependency imported: xgboost: 1.7.1
2023-02-22 14:41:27,804:INFO:Soft dependency imported: xgboost: 1.7.1
2023-02-22 14:41:27,804:INFO:Engine for model 'lightgbm_cds_dt' has not been set explicitly, hence returning None.
2023-02-22 14:41:27,804:INFO:Engine for model 'catboost_cds_dt' has not been set explicitly, hence returning None.
2023-02-22 14:41:27,804:INFO:Soft dependency imported: catboost: 1.1.1
2023-02-22 14:41:27,804:INFO:Soft dependency imported: catboost: 1.1.1
2023-02-22 14:41:27,805:INFO:Engine successfully changes for model 'xgboost_cds_dt' to 'sklearn'.
2023-02-22 14:41:27,807:WARNING:
'prophet' is a soft dependency and not included in the pycaret installation. Please run: `pip install prophet` to install.
2023-02-22 14:41:27,814:INFO:Soft dependency imported: xgboost: 1.7.1
2023-02-22 14:41:27,814:INFO:Soft dependency imported: xgboost: 1.7.1
2023-02-22 14:41:27,815:INFO:Engine for model 'lightgbm_cds_dt' has not been set explicitly, hence returning None.
2023-02-22 14:41:27,815:INFO:Engine for model 'catboost_cds_dt' has not been set explicitly, hence returning None.
2023-02-22 14:41:27,815:INFO:Soft dependency imported: catboost: 1.1.1
2023-02-22 14:41:27,815:INFO:Soft dependency imported: catboost: 1.1.1
2023-02-22 14:41:27,818:WARNING:
'prophet' is a soft dependency and not included in the pycaret installation. Please run: `pip install prophet` to install.
2023-02-22 14:41:27,826:INFO:Soft dependency imported: xgboost: 1.7.1
2023-02-22 14:41:27,826:INFO:Soft dependency imported: xgboost: 1.7.1
2023-02-22 14:41:27,827:INFO:Engine for model 'lightgbm_cds_dt' has not been set explicitly, hence returning None.
2023-02-22 14:41:27,827:INFO:Engine for model 'catboost_cds_dt' has not been set explicitly, hence returning None.
2023-02-22 14:41:27,827:INFO:Soft dependency imported: catboost: 1.1.1
2023-02-22 14:41:27,827:INFO:Soft dependency imported: catboost: 1.1.1
2023-02-22 14:41:27,828:INFO:Engine successfully changes for model 'lightgbm_cds_dt' to 'sklearn'.
2023-02-22 14:41:27,831:WARNING:
'prophet' is a soft dependency and not included in the pycaret installation. Please run: `pip install prophet` to install.
2023-02-22 14:41:27,838:INFO:Soft dependency imported: xgboost: 1.7.1
2023-02-22 14:41:27,838:INFO:Soft dependency imported: xgboost: 1.7.1
2023-02-22 14:41:27,838:INFO:Engine for model 'catboost_cds_dt' has not been set explicitly, hence returning None.
2023-02-22 14:41:27,838:INFO:Soft dependency imported: catboost: 1.1.1
2023-02-22 14:41:27,838:INFO:Soft dependency imported: catboost: 1.1.1
2023-02-22 14:41:27,841:WARNING:
'prophet' is a soft dependency and not included in the pycaret installation. Please run: `pip install prophet` to install.
2023-02-22 14:41:27,849:INFO:Soft dependency imported: xgboost: 1.7.1
2023-02-22 14:41:27,850:INFO:Soft dependency imported: xgboost: 1.7.1
2023-02-22 14:41:27,850:INFO:Engine for model 'catboost_cds_dt' has not been set explicitly, hence returning None.
2023-02-22 14:41:27,850:INFO:Soft dependency imported: catboost: 1.1.1
2023-02-22 14:41:27,850:INFO:Soft dependency imported: catboost: 1.1.1
2023-02-22 14:41:27,851:INFO:Engine successfully changes for model 'catboost_cds_dt' to 'sklearn'.
2023-02-22 14:41:27,854:WARNING:
'prophet' is a soft dependency and not included in the pycaret installation. Please run: `pip install prophet` to install.
2023-02-22 14:41:27,862:INFO:Soft dependency imported: xgboost: 1.7.1
2023-02-22 14:41:27,862:INFO:Soft dependency imported: xgboost: 1.7.1
2023-02-22 14:41:27,863:INFO:Soft dependency imported: catboost: 1.1.1
2023-02-22 14:41:27,863:INFO:Soft dependency imported: catboost: 1.1.1
2023-02-22 14:41:27,865:WARNING:
'prophet' is a soft dependency and not included in the pycaret installation. Please run: `pip install prophet` to install.
2023-02-22 14:41:27,877:INFO:Soft dependency imported: xgboost: 1.7.1
2023-02-22 14:41:27,877:INFO:Soft dependency imported: xgboost: 1.7.1
2023-02-22 14:41:27,877:INFO:Soft dependency imported: catboost: 1.1.1
2023-02-22 14:41:27,877:INFO:Soft dependency imported: catboost: 1.1.1
2023-02-22 14:41:27,880:WARNING:
'prophet' is a soft dependency and not included in the pycaret installation. Please run: `pip install prophet` to install.
2023-02-22 14:41:27,890:INFO:Soft dependency imported: xgboost: 1.7.1
2023-02-22 14:41:27,890:INFO:Soft dependency imported: xgboost: 1.7.1
2023-02-22 14:41:27,890:INFO:Soft dependency imported: catboost: 1.1.1
2023-02-22 14:41:27,891:INFO:Soft dependency imported: catboost: 1.1.1
2023-02-22 14:41:27,893:WARNING:
'prophet' is a soft dependency and not included in the pycaret installation. Please run: `pip install prophet` to install.
2023-02-22 14:41:27,900:INFO:Soft dependency imported: xgboost: 1.7.1
2023-02-22 14:41:27,900:INFO:Soft dependency imported: xgboost: 1.7.1
2023-02-22 14:41:27,901:INFO:Soft dependency imported: catboost: 1.1.1
2023-02-22 14:41:27,901:INFO:Soft dependency imported: catboost: 1.1.1
2023-02-22 14:41:27,931:INFO:setup() successfully completed in 3.79s...............
2023-02-22 14:41:46,716:INFO:Initializing create_model()
2023-02-22 14:41:46,717:INFO:create_model(self=<pycaret.time_series.forecasting.oop.TSForecastingExperiment object at 0x00000203E3FB88B0>, estimator=auto_arima, fold=None, round=4, cross_validation=False, predict=True, fit_kwargs=None, groups=None, refit=True, probability_threshold=None, experiment_custom_tags=None, verbose=True, system=True, add_to_model_list=True, metrics=None, display=None, model_only=True, return_train_score=False, kwargs={})
2023-02-22 14:41:46,717:INFO:Checking exceptions
2023-02-22 14:41:46,759:INFO:Importing libraries
2023-02-22 14:41:46,759:INFO:Copying training dataset
2023-02-22 14:41:46,769:INFO:Defining folds
2023-02-22 14:41:46,769:INFO:Declaring metric variables
2023-02-22 14:41:46,775:INFO:Importing untrained model
2023-02-22 14:41:46,780:INFO:Auto ARIMA Imported successfully
2023-02-22 14:41:46,784:INFO:Cross validation set to False
2023-02-22 14:41:46,784:INFO:Fitting Model
2023-02-22 14:41:53,055:INFO:display_container: 2
2023-02-22 14:41:53,056:INFO:AutoARIMA(random_state=5386, sp=5, suppress_warnings=True)
2023-02-22 14:41:53,056:INFO:create_model() successfully completed......................................
2023-02-22 14:42:24,091:WARNING:predict_model >> Prediction Indices do not match test indices. Metrics will not be displayed.
2023-02-22 14:42:25,692:INFO:Visual Rendered Successfully
2023-02-22 14:42:31,795:INFO:Visual Rendered Successfully
2023-02-22 14:43:20,907:INFO:Initializing finalize_model()
2023-02-22 14:43:20,907:INFO:finalize_model(self=<pycaret.time_series.forecasting.oop.TSForecastingExperiment object at 0x00000203E3FB88B0>, estimator=AutoARIMA(random_state=5386, sp=5, suppress_warnings=True), fit_kwargs=None, groups=None, model_only=False, experiment_custom_tags=None)
2023-02-22 14:43:20,907:INFO:Finalizing AutoARIMA(random_state=5386, sp=5, suppress_warnings=True)
2023-02-22 14:43:20,910:INFO:Initializing create_model()
2023-02-22 14:43:20,910:INFO:create_model(self=<pycaret.time_series.forecasting.oop.TSForecastingExperiment object at 0x00000203E3FB88B0>, estimator=AutoARIMA(random_state=5386, sp=5, suppress_warnings=True), fold=None, round=4, cross_validation=False, predict=False, fit_kwargs={}, groups=None, refit=True, probability_threshold=None, experiment_custom_tags=None, verbose=False, system=False, add_to_model_list=False, metrics=None, display=None, model_only=False, return_train_score=False, kwargs={})
2023-02-22 14:43:20,910:INFO:Checking exceptions
2023-02-22 14:43:20,912:INFO:Importing libraries
2023-02-22 14:43:20,912:INFO:Copying training dataset
2023-02-22 14:43:20,912:INFO:Defining folds
2023-02-22 14:43:20,912:INFO:Declaring metric variables
2023-02-22 14:43:20,913:INFO:Importing untrained model
2023-02-22 14:43:20,913:INFO:Declaring custom model
2023-02-22 14:43:20,915:INFO:Auto ARIMA Imported successfully
2023-02-22 14:43:20,916:INFO:Cross validation set to False
2023-02-22 14:43:20,916:INFO:Fitting Model
2023-02-22 14:43:27,472:INFO:ForecastingPipeline(steps=[('forecaster',
                            TransformedTargetForecaster(steps=[('model',
                                                                AutoARIMA(random_state=5386,
                                                                          sp=5,
                                                                          suppress_warnings=True))]))])
2023-02-22 14:43:27,472:INFO:create_model() successfully completed......................................
2023-02-22 14:43:27,699:WARNING:predict_model >> Prediction Indices do not match test indices. Metrics will not be displayed.
2023-02-22 14:43:27,818:INFO:display_container: 6
2023-02-22 14:43:27,818:INFO:master_model_container: 0
2023-02-22 14:43:27,818:INFO:display_container: 6
2023-02-22 14:43:27,836:INFO:ForecastingPipeline(steps=[('forecaster',
                            TransformedTargetForecaster(steps=[('model',
                                                                AutoARIMA(random_state=5386,
                                                                          sp=5,
                                                                          suppress_warnings=True))]))])
2023-02-22 14:43:27,836:INFO:finalize_model() successfully completed......................................
2023-02-22 14:43:38,377:INFO:Visual Rendered Successfully
